<?xml version="1.0" encoding="UTF-8"?>
<!-- Generated by org.testng.reporters.JUnitXMLReporter -->
<testsuite ignored="0" hostname="DESKTOP-5U4E5L3" failures="0" tests="3" name="Default test" time="1.052" errors="0" timestamp="2024-04-08T14:47:38 IST">
  <testcase classname="ExcelDataProviderIntegration" name="testcasedata" time="0.01"/>
  <testcase classname="ExcelDataProviderIntegration" name="testcasedata" time="0.003"/>
  <testcase classname="ExcelDataProviderIntegration" name="testcasedata" time="0.009"/>
</testsuite> <!-- Default test -->
