<?xml version="1.0" encoding="UTF-8"?>
<testng-results ignored="0" total="3" passed="3" failed="0" skipped="0">
  <reporter-output>
  </reporter-output>
  <suite started-at="2024-04-08T14:47:36 IST" name="Default suite" finished-at="2024-04-08T14:47:38 IST" duration-ms="1052">
    <groups>
    </groups>
    <test started-at="2024-04-08T14:47:36 IST" name="Default test" finished-at="2024-04-08T14:47:38 IST" duration-ms="1052">
      <class name="ExcelDataProviderIntegration">
        <test-method signature="testcasedata(java.lang.String,java.lang.String,java.lang.String)[pri:0, instance:ExcelDataProviderIntegration@624ea235]" started-at="2024-04-08T14:47:37 IST" name="testcasedata" data-provider="driveset" finished-at="2024-04-08T14:47:38 IST" duration-ms="10" status="PASS">
          <params>
            <param index="0">
              <value>
                <![CDATA[hello]]>
              </value>
            </param>
            <param index="1">
              <value>
                <![CDATA[test]]>
              </value>
            </param>
            <param index="2">
              <value>
                <![CDATA[1]]>
              </value>
            </param>
          </params>
          <reporter-output>
          </reporter-output>
        </test-method> <!-- testcasedata -->
        <test-method signature="testcasedata(java.lang.String,java.lang.String,java.lang.String)[pri:0, instance:ExcelDataProviderIntegration@624ea235]" started-at="2024-04-08T14:47:38 IST" name="testcasedata" data-provider="driveset" finished-at="2024-04-08T14:47:38 IST" duration-ms="3" status="PASS">
          <params>
            <param index="0">
              <value>
                <![CDATA[bye]]>
              </value>
            </param>
            <param index="1">
              <value>
                <![CDATA[message]]>
              </value>
            </param>
            <param index="2">
              <value>
                <![CDATA[43]]>
              </value>
            </param>
          </params>
          <reporter-output>
          </reporter-output>
        </test-method> <!-- testcasedata -->
        <test-method signature="testcasedata(java.lang.String,java.lang.String,java.lang.String)[pri:0, instance:ExcelDataProviderIntegration@624ea235]" started-at="2024-04-08T14:47:38 IST" name="testcasedata" data-provider="driveset" finished-at="2024-04-08T14:47:38 IST" duration-ms="9" status="PASS">
          <params>
            <param index="0">
              <value>
                <![CDATA[solo]]>
              </value>
            </param>
            <param index="1">
              <value>
                <![CDATA[call ]]>
              </value>
            </param>
            <param index="2">
              <value>
                <![CDATA[453]]>
              </value>
            </param>
          </params>
          <reporter-output>
          </reporter-output>
        </test-method> <!-- testcasedata -->
      </class> <!-- ExcelDataProviderIntegration -->
    </test> <!-- Default test -->
  </suite> <!-- Default suite -->
</testng-results>
